<!DOCTYPE html PUBLIC "-//W3C//DTD XHTML 1.1//EN" "https://www.w3.org/TR/xhtml11/DTD/xhtml11.dtd">
<html xmlns="https://www.w3.org/1999/xhtml">
<head>
<meta charset='utf-8'>
<title>TestNG Report</title>
<style type="text/css">
table {margin-bottom:10px;border-collapse:collapse;empty-cells:show}
td,th {border:1px solid #009;padding:.25em .5em}
.result th {vertical-align:bottom}
.param th {padding-left:1em;padding-right:1em}
.param td {padding-left:.5em;padding-right:2em}
.stripe td,.stripe th {background-color: #E6EBF9}
.numi,.numi_attn {text-align:right}
.total td {font-weight:bold}
.passedodd td {background-color: #0A0}
.passedeven td {background-color: #3F3}
.skippedodd td {background-color: #CCC}
.skippedodd td {background-color: #DDD}
.failedodd td,.numi_attn {background-color: #F33}
.failedeven td,.stripe .numi_attn {background-color: #D00}
.stacktrace {white-space:pre;font-family:monospace}
.totop {font-size:85%;text-align:center;border-bottom:2px solid #000}
</style>
</head>
<body>
<table cellspacing="0" cellpadding="0" class="testOverview">
<tr><th>Test</th><th>Methods<br/>Passed</th><th>Scenarios<br/>Passed</th><th># skipped</th><th># failed</th><th>Total<br/>Time</th><th>Included<br/>Groups</th><th>Excluded<br/>Groups</th></tr>
<tr><td style="text-align:left;padding-right:2em"><a href="#t1">Regression</a></td><td class="numi">23</td><td class="numi">23</td><td class="numi">0</td><td class="numi_attn">3</td><td class="numi">83.6 seconds</td><td class="numi"></td><td class="numi"></td></tr>
</table>
<table cellspacing="0" cellpadding="0" class="methodOverview" id="summary">
<tr><th>Class</th><th>Method</th><th># of<br/>Scenarios</th><th>Start</th><th>Time<br/>(ms)</th></tr>
<tr id="t1"><th colspan="5">Regression &#8212; failed</th></tr>
<tr class="failedodd"><td>automation.test.LoginTests</td><td><a href="#m1"><b>signupLinkWorkingProperly</b>  </a></td><td class="numi">1</td><td>1698933302721</td><td class="numi">5185</td></tr>
<tr class="failedeven"><td>automation.test.BankAccountTests</td><td><a href="#m2"><b>withCharInNumberFields</b>  </a></td><td class="numi">1</td><td>1698933335642</td><td class="numi">5735</td></tr>
<tr class="failedodd"><td>automation.test.RegistrationTests</td><td><a href="#m3"><b>verifySignInLink</b>  </a></td><td class="numi">1</td><td>1698933316354</td><td class="numi">1597</td></tr>
<tr><th colspan="5">Regression &#8212; passed</th></tr>
<tr class="passedodd"><td>automation.test.RegistrationTests</td><td><a href="#m4"><b>withNonMatchingPassword</b>  </a></td><td class="numi">1</td><td>1698933309755</td><td class="numi">2171</td></tr>
<tr class="passedeven"><td>automation.test.LoginTests</td><td><a href="#m5"><b>logInUser</b>  </a></td><td class="numi">1</td><td>1698933298015</td><td class="numi">1877</td></tr>
<tr class="passedodd"><td>automation.test.BankAccountTests</td><td><a href="#m6"><b>withMinNameLength</b>  </a></td><td class="numi">1</td><td>1698933331310</td><td class="numi">668</td></tr>
<tr class="passedeven"><td>automation.test.MyAccountTests</td><td><a href="#m7"><b>leaveFirstFieldEmpty</b>  </a></td><td class="numi">1</td><td>1698933350570</td><td class="numi">398</td></tr>
<tr class="passedodd"><td>automation.test.LoginTests</td><td><a href="#m8"><b>logInUserInvalidData</b>  </a></td><td class="numi">1</td><td>1698933300308</td><td class="numi">564</td></tr>
<tr class="passedeven"><td>automation.test.MyAccountTests</td><td><a href="#m9"><b>enterInvalidEmail</b>  </a></td><td class="numi">1</td><td>1698933352196</td><td class="numi">475</td></tr>
<tr class="passedodd"><td>automation.test.BankAccountTests</td><td><a href="#m10"><b>withInvalidNumbers</b>  </a></td><td class="numi">1</td><td>1698933342722</td><td class="numi">450</td></tr>
<tr class="passedeven"><td>automation.test.LoginTests</td><td><a href="#m11"><b>logInOneFieldEmpty</b>  </a></td><td class="numi">1</td><td>1698933301254</td><td class="numi">180</td></tr>
<tr class="passedodd"><td>automation.test.MyAccountTests</td><td><a href="#m12"><b>saveUserSettings</b>  </a></td><td class="numi">1</td><td>1698933347162</td><td class="numi">476</td></tr>
<tr class="passedeven"><td>automation.test.SearchTests</td><td><a href="#m13"><b>searchPersonUsingAccountNumber</b>  </a></td><td class="numi">1</td><td>1698933361972</td><td class="numi">274</td></tr>
<tr class="passedodd"><td>automation.test.BankAccountTests</td><td><a href="#m14"><b>newBankAccount</b>  </a></td><td class="numi">1</td><td>1698933328267</td><td class="numi">1130</td></tr>
<tr class="passedeven"><td>automation.test.LoginTests</td><td><a href="#m15"><b>logInLessThanMin</b>  </a></td><td class="numi">1</td><td>1698933301589</td><td class="numi">402</td></tr>
<tr class="passedodd"><td>automation.test.SearchTests</td><td><a href="#m16"><b>searchPersonUsingUsername</b>  </a></td><td class="numi">1</td><td>1698933358896</td><td class="numi">89</td></tr>
<tr class="passedeven"><td rowspan="2">automation.test.RegistrationTests</td><td><a href="#m17"><b>registrationLessThanMinPassword</b>  </a></td><td class="numi">1</td><td>1698933314756</td><td class="numi">1221</td></tr><tr class="passedeven"><td><a href="#m18"><b>registrationWithValidData</b>  </a></td><td class="numi">1</td><td>1698933318009</td><td class="numi">3397</td></tr>
<tr class="passedodd"><td>automation.test.SearchTests</td><td><a href="#m19"><b>searchPersonUsingEmail</b>  </a></td><td class="numi">1</td><td>1698933360411</td><td class="numi">124</td></tr>
<tr class="passedeven"><td>automation.test.BankAccountTests</td><td><a href="#m20"><b>withOneEmptyField</b>  </a></td><td class="numi">1</td><td>1698933334095</td><td class="numi">482</td></tr>
<tr class="passedodd"><td>automation.test.MyAccountTests</td><td><a href="#m21"><b>enterCharInNumberField</b>  </a></td><td class="numi">1</td><td>1698933348899</td><td class="numi">524</td></tr>
<tr class="passedeven"><td>automation.test.LogoutTest</td><td><a href="#m22"><b>logoutUser</b>  </a></td><td class="numi">1</td><td>1698933364289</td><td class="numi">2016</td></tr>
<tr class="passedodd"><td>automation.test.LoginTests</td><td><a href="#m23"><b>checkboxWorkingProperly</b>  </a></td><td class="numi">1</td><td>1698933302174</td><td class="numi">420</td></tr>
<tr class="passedeven"><td>automation.test.RegistrationTests</td><td><a href="#m24"><b>withOneFieldEmpty</b>  </a></td><td class="numi">1</td><td>1698933312438</td><td class="numi">2036</td></tr>
<tr class="passedodd"><td>automation.test.BankAccountTests</td><td><a href="#m25"><b>verifyDeleteButton</b>  </a></td><td class="numi">1</td><td>1698933344082</td><td class="numi">140</td></tr>
<tr class="passedeven"><td>automation.test.SearchTests</td><td><a href="#m26"><b>searchPersonUsingFirstName</b>  </a></td><td class="numi">1</td><td>1698933357169</td><td class="numi">119</td></tr>
</table>
<h1>Regression</h1>
<h2 id="m1">automation.test.BankAccountTests:withCharInNumberFields</h2>
<div>
<div class="stacktrace">org.openqa.selenium.TimeoutException: Expected condition failed: waiting for value found by By.cssSelector: [data-test=&apos;bankaccount-submit&apos;] to contain &quot;&quot;. (tried for 3 second(s) with 500 milliseconds interval)
	at org.openqa.selenium.support.ui.WebDriverWait.timeoutException(WebDriverWait.java:84)
	at org.openqa.selenium.support.ui.FluentWait.until(FluentWait.java:230)
	at automation.test.BankAccountTests.withCharInNumberFields(BankAccountTests.java:52)
	at java.base/java.util.ArrayList.forEach(ArrayList.java:1511)
	at com.intellij.rt.testng.IDEARemoteTestNG.run(IDEARemoteTestNG.java:66)
	at com.intellij.rt.testng.RemoteTestNGStarter.main(RemoteTestNGStarter.java:105)
Caused by: org.openqa.selenium.NoSuchElementException: no such element: Unable to locate element: {&quot;method&quot;:&quot;css selector&quot;,&quot;selector&quot;:&quot;[data-test=&apos;bankaccount-submit&apos;]&quot;}
  (Session info: chrome=118.0.5993.89)
For documentation on this error, please visit: https://www.selenium.dev/documentation/webdriver/troubleshooting/errors#no-such-element-exception
Build info: version: &apos;4.12.1&apos;, revision: &apos;8e34639b11&apos;
System info: os.name: &apos;Windows 11&apos;, os.arch: &apos;amd64&apos;, os.version: &apos;10.0&apos;, java.version: &apos;20.0.2&apos;
Driver info: org.openqa.selenium.chrome.ChromeDriver
Command: [cc6845fb5ecc66e881bd27a30b0c8c0f, findElement {using=css selector, value=[data-test=&apos;bankaccount-submit&apos;]}]
Capabilities {acceptInsecureCerts: false, browserName: chrome, browserVersion: 118.0.5993.89, chrome: {chromedriverVersion: 118.0.5993.70 (e52f33f30b91..., userDataDir: C:\Users\Vanja\AppData\Loca...}, fedcm:accounts: true, goog:chromeOptions: {debuggerAddress: localhost:64785}, networkConnectionEnabled: false, pageLoadStrategy: normal, platformName: windows, proxy: Proxy(), se:cdp: ws://localhost:64785/devtoo..., se:cdpVersion: 118.0.5993.89, setWindowRect: true, strictFileInteractability: false, timeouts: {implicit: 0, pageLoad: 300000, script: 30000}, unhandledPromptBehavior: dismiss and notify, webauthn:extension:credBlob: true, webauthn:extension:largeBlob: true, webauthn:extension:minPinLength: true, webauthn:extension:prf: true, webauthn:virtualAuthenticators: true}
Session ID: cc6845fb5ecc66e881bd27a30b0c8c0f
	at org.openqa.selenium.remote.codec.w3c.W3CHttpResponseCodec.createException(W3CHttpResponseCodec.java:200)
	at org.openqa.selenium.remote.codec.w3c.W3CHttpResponseCodec.decode(W3CHttpResponseCodec.java:133)
	at org.openqa.selenium.remote.codec.w3c.W3CHttpResponseCodec.decode(W3CHttpResponseCodec.java:52)
	at org.openqa.selenium.remote.HttpCommandExecutor.execute(HttpCommandExecutor.java:191)
	at org.openqa.selenium.remote.service.DriverCommandExecutor.invokeExecute(DriverCommandExecutor.java:196)
	at org.openqa.selenium.remote.service.DriverCommandExecutor.execute(DriverCommandExecutor.java:171)
	at org.openqa.selenium.remote.RemoteWebDriver.execute(RemoteWebDriver.java:602)
	at org.openqa.selenium.remote.ElementLocation$ElementFinder$2.findElement(ElementLocation.java:165)
	at org.openqa.selenium.remote.ElementLocation.findElement(ElementLocation.java:59)
	at org.openqa.selenium.remote.RemoteWebDriver.findElement(RemoteWebDriver.java:359)
	at org.openqa.selenium.remote.RemoteWebDriver.findElement(RemoteWebDriver.java:353)
	at org.openqa.selenium.support.ui.ExpectedConditions$41.apply(ExpectedConditions.java:1150)
	at org.openqa.selenium.support.ui.ExpectedConditions$41.apply(ExpectedConditions.java:1147)
	at org.openqa.selenium.support.ui.FluentWait.until(FluentWait.java:205)
	... 26 more
... Removed 25 stack frames</div>
</div>
<p class="totop"><a href="#summary">back to summary</a></p>
<h2 id="m2">automation.test.LoginTests:signupLinkWorkingProperly</h2>
<div>
<div class="stacktrace">org.openqa.selenium.NoSuchElementException: no such element: Unable to locate element: {&quot;method&quot;:&quot;css selector&quot;,&quot;selector&quot;:&quot;[data-test=&apos;signup&apos;]&quot;}
  (Session info: chrome=118.0.5993.89)
For documentation on this error, please visit: https://www.selenium.dev/documentation/webdriver/troubleshooting/errors#no-such-element-exception
Build info: version: &apos;4.12.1&apos;, revision: &apos;8e34639b11&apos;
System info: os.name: &apos;Windows 11&apos;, os.arch: &apos;amd64&apos;, os.version: &apos;10.0&apos;, java.version: &apos;20.0.2&apos;
Driver info: org.openqa.selenium.chrome.ChromeDriver
Command: [77fbab6d9ae4ac630bf01809bdca2a79, findElement {using=css selector, value=[data-test=&apos;signup&apos;]}]
Capabilities {acceptInsecureCerts: false, browserName: chrome, browserVersion: 118.0.5993.89, chrome: {chromedriverVersion: 118.0.5993.70 (e52f33f30b91..., userDataDir: C:\Users\Vanja\AppData\Loca...}, fedcm:accounts: true, goog:chromeOptions: {debuggerAddress: localhost:64801}, networkConnectionEnabled: false, pageLoadStrategy: normal, platformName: windows, proxy: Proxy(), se:cdp: ws://localhost:64801/devtoo..., se:cdpVersion: 118.0.5993.89, setWindowRect: true, strictFileInteractability: false, timeouts: {implicit: 0, pageLoad: 300000, script: 30000}, unhandledPromptBehavior: dismiss and notify, webauthn:extension:credBlob: true, webauthn:extension:largeBlob: true, webauthn:extension:minPinLength: true, webauthn:extension:prf: true, webauthn:virtualAuthenticators: true}
Session ID: 77fbab6d9ae4ac630bf01809bdca2a79
	at org.openqa.selenium.remote.codec.w3c.W3CHttpResponseCodec.createException(W3CHttpResponseCodec.java:200)
	at org.openqa.selenium.remote.codec.w3c.W3CHttpResponseCodec.decode(W3CHttpResponseCodec.java:133)
	at org.openqa.selenium.remote.codec.w3c.W3CHttpResponseCodec.decode(W3CHttpResponseCodec.java:52)
	at org.openqa.selenium.remote.HttpCommandExecutor.execute(HttpCommandExecutor.java:191)
	at org.openqa.selenium.remote.service.DriverCommandExecutor.invokeExecute(DriverCommandExecutor.java:196)
	at org.openqa.selenium.remote.service.DriverCommandExecutor.execute(DriverCommandExecutor.java:171)
	at org.openqa.selenium.remote.RemoteWebDriver.execute(RemoteWebDriver.java:602)
	at org.openqa.selenium.remote.ElementLocation$ElementFinder$2.findElement(ElementLocation.java:165)
	at org.openqa.selenium.remote.ElementLocation.findElement(ElementLocation.java:59)
	at org.openqa.selenium.remote.RemoteWebDriver.findElement(RemoteWebDriver.java:359)
	at org.openqa.selenium.remote.RemoteWebDriver.findElement(RemoteWebDriver.java:353)
	at automation.pom.LoginPage.registrationLink(LoginPage.java:68)
	at automation.test.LoginTests.signupLinkWorkingProperly(LoginTests.java:63)
	at java.base/java.util.ArrayList.forEach(ArrayList.java:1511)
	at com.intellij.rt.testng.IDEARemoteTestNG.run(IDEARemoteTestNG.java:66)
	at com.intellij.rt.testng.RemoteTestNGStarter.main(RemoteTestNGStarter.java:105)
... Removed 25 stack frames</div>
</div>
<p class="totop"><a href="#summary">back to summary</a></p>
<h2 id="m3">automation.test.RegistrationTests:verifySignInLink</h2>
<div>
<div class="stacktrace">java.lang.AssertionError: expected [https://app.qacademy.rs/signin] but found [https://app.qacademy.rs/signup]
	at automation.test.RegistrationTests.verifySignInLink(RegistrationTests.java:60)
	at java.base/java.util.ArrayList.forEach(ArrayList.java:1511)
	at com.intellij.rt.testng.IDEARemoteTestNG.run(IDEARemoteTestNG.java:66)
	at com.intellij.rt.testng.RemoteTestNGStarter.main(RemoteTestNGStarter.java:105)
... Removed 28 stack frames</div>
</div>
<p class="totop"><a href="#summary">back to summary</a></p>
<h2 id="m4">automation.test.SearchTests:searchPersonUsingUsername</h2>
<p class="totop"><a href="#summary">back to summary</a></p>
<h2 id="m5">automation.test.RegistrationTests:registrationLessThanMinPassword</h2>
<p class="totop"><a href="#summary">back to summary</a></p>
<h2 id="m6">automation.test.RegistrationTests:withNonMatchingPassword</h2>
<p class="totop"><a href="#summary">back to summary</a></p>
<h2 id="m7">automation.test.LoginTests:logInOneFieldEmpty</h2>
<p class="totop"><a href="#summary">back to summary</a></p>
<h2 id="m8">automation.test.LogoutTest:logoutUser</h2>
<p class="totop"><a href="#summary">back to summary</a></p>
<h2 id="m9">automation.test.LoginTests:checkboxWorkingProperly</h2>
<p class="totop"><a href="#summary">back to summary</a></p>
<h2 id="m10">automation.test.RegistrationTests:withOneFieldEmpty</h2>
<p class="totop"><a href="#summary">back to summary</a></p>
<h2 id="m11">automation.test.BankAccountTests:verifyDeleteButton</h2>
<p class="totop"><a href="#summary">back to summary</a></p>
<h2 id="m12">automation.test.MyAccountTests:saveUserSettings</h2>
<p class="totop"><a href="#summary">back to summary</a></p>
<h2 id="m13">automation.test.RegistrationTests:registrationWithValidData</h2>
<p class="totop"><a href="#summary">back to summary</a></p>
<h2 id="m14">automation.test.SearchTests:searchPersonUsingEmail</h2>
<p class="totop"><a href="#summary">back to summary</a></p>
<h2 id="m15">automation.test.SearchTests:searchPersonUsingAccountNumber</h2>
<p class="totop"><a href="#summary">back to summary</a></p>
<h2 id="m16">automation.test.LoginTests:logInUser</h2>
<p class="totop"><a href="#summary">back to summary</a></p>
<h2 id="m17">automation.test.BankAccountTests:withMinNameLength</h2>
<p class="totop"><a href="#summary">back to summary</a></p>
<h2 id="m18">automation.test.MyAccountTests:leaveFirstFieldEmpty</h2>
<p class="totop"><a href="#summary">back to summary</a></p>
<h2 id="m19">automation.test.LoginTests:logInUserInvalidData</h2>
<p class="totop"><a href="#summary">back to summary</a></p>
<h2 id="m20">automation.test.BankAccountTests:newBankAccount</h2>
<p class="totop"><a href="#summary">back to summary</a></p>
<h2 id="m21">automation.test.MyAccountTests:enterInvalidEmail</h2>
<p class="totop"><a href="#summary">back to summary</a></p>
<h2 id="m22">automation.test.BankAccountTests:withOneEmptyField</h2>
<p class="totop"><a href="#summary">back to summary</a></p>
<h2 id="m23">automation.test.SearchTests:searchPersonUsingFirstName</h2>
<p class="totop"><a href="#summary">back to summary</a></p>
<h2 id="m24">automation.test.LoginTests:logInLessThanMin</h2>
<p class="totop"><a href="#summary">back to summary</a></p>
<h2 id="m25">automation.test.MyAccountTests:enterCharInNumberField</h2>
<p class="totop"><a href="#summary">back to summary</a></p>
<h2 id="m26">automation.test.BankAccountTests:withInvalidNumbers</h2>
<p class="totop"><a href="#summary">back to summary</a></p>
</body></html>
